[2026-03-13T14:04:08.020Z] === Content Sync Started ===
[2026-03-13T14:04:08.022Z] Syncing YouTube RSS...
[2026-03-13T14:04:08.275Z] YouTube RSS: 15 entries
[2026-03-13T14:04:08.275Z] Syncing news...
[2026-03-13T14:04:09.736Z] News: 218 articles
[2026-03-13T14:04:09.737Z] Syncing YouTube videos...
[2026-03-13T14:04:12.941Z] YouTube: 289 videos synced
[2026-03-13T14:04:12.942Z] Generating social feed...
[2026-03-13T14:04:12.944Z] Social feed: 50 items
[2026-03-13T14:04:12.944Z] === Content Sync Complete ===
[2026-03-13T14:04:19.784Z] === Content Sync Started ===
[2026-03-13T14:04:19.787Z] Syncing YouTube RSS...
[2026-03-13T14:04:19.874Z] YouTube RSS: 15 entries
[2026-03-13T14:04:19.875Z] Syncing news...
[2026-03-13T14:04:19.947Z] News: 218 articles
[2026-03-13T14:04:19.947Z] Skipping full YouTube sync (last < 6h)
[2026-03-13T14:04:19.947Z] Generating social feed...
[2026-03-13T14:04:19.949Z] Social feed: 50 items
[2026-03-13T14:04:19.949Z] === Content Sync Complete ===
[2026-03-13T14:12:24.717Z] === Content Sync Started ===
[2026-03-13T14:12:24.718Z] Syncing YouTube RSS...
