[2026-03-13T14:12:12.750Z] === Data Harvester Started ===
[2026-03-13T14:12:12.754Z] Processing portal signups...
[2026-03-13T14:12:12.755Z] Portal: 0 new (total: 0)
[2026-03-13T14:12:12.755Z] Harvesting YouTube comments...
[2026-03-13T14:12:12.756Z] YOUTUBE_API_KEY not set
[2026-03-13T14:12:12.757Z] Harvesting business data...
[2026-03-13T14:12:12.757Z] GOOGLE_MAPS_API_KEY not set - skipping
[2026-03-13T14:12:12.757Z] === STATS ===
[2026-03-13T14:12:12.757Z] Total: 0
[2026-03-13T14:12:12.757Z] By source: {}
[2026-03-13T14:12:12.757Z] By type: {}
[2026-03-13T14:12:12.757Z] With email: 0
[2026-03-13T14:12:12.757Z] With phone: 0
[2026-03-13T14:12:12.758Z] With push: 0
[2026-03-13T14:12:12.758Z] Target: 203,417 (Nova Friburgo pop)
[2026-03-13T14:12:12.758Z] === Data Harvester Complete ===
[2026-03-13T14:12:24.406Z] === Data Harvester Started ===
[2026-03-13T14:12:24.408Z] Processing portal signups...
[2026-03-13T14:12:24.408Z] Portal: 0 new (total: 0)
[2026-03-13T14:12:24.409Z] Harvesting YouTube comments...
[2026-03-13T14:12:24.410Z] YOUTUBE_API_KEY not set
[2026-03-13T14:12:24.410Z] Harvesting business data...
[2026-03-13T14:12:24.410Z] GOOGLE_MAPS_API_KEY not set - skipping
[2026-03-13T14:12:24.410Z] === STATS ===
[2026-03-13T14:12:24.410Z] Total: 0
[2026-03-13T14:12:24.410Z] By source: {}
[2026-03-13T14:12:24.410Z] By type: {}
[2026-03-13T14:12:24.411Z] With email: 0
[2026-03-13T14:12:24.411Z] With phone: 0
[2026-03-13T14:12:24.411Z] With push: 0
[2026-03-13T14:12:24.411Z] Target: 203,417 (Nova Friburgo pop)
[2026-03-13T14:12:24.411Z] === Data Harvester Complete ===
